<?xml version="1.0" encoding="UTF-8"?>
<!-- Generated by org.testng.reporters.JUnitXMLReporter -->
<testsuite ignored="0" hostname="Aditya" failures="0" tests="16" name="Sanity Tests" time="336.114" errors="0" timestamp="2025-09-07T21:02:48 IST">
  <testcase classname="tests.CartTests" name="checkoutButtonWorks" time="7.244"/>
  <testcase classname="tests.CartTests" name="continueShoppingButtonWorks" time="7.241"/>
  <testcase classname="tests.CartTests" name="verifyCartBadgeIncreases" time="5.09"/>
  <testcase classname="tests.CartTests" name="verifyCartIsEmptyAfterRemovingItems" time="17.165"/>
  <testcase classname="tests.CartTests" name="verifyNavigatingToCartPage" time="5.14"/>
  <testcase classname="tests.CartTests" name="verifyProductDetailsInCart" time="7.188"/>
  <testcase classname="tests.CheckoutTests" name="cancelCheckout" time="3.071"/>
  <testcase classname="tests.CheckoutTests" name="checkoutWithMissingFirstName" time="4.243"/>
  <testcase classname="tests.CheckoutTests" name="checkoutWithMissingLastName" time="4.29"/>
  <testcase classname="tests.CheckoutTests" name="checkoutWithMissingPostalCode" time="4.239"/>
  <testcase classname="tests.CheckoutTests" name="checkoutWithValidDetails" time="3.204"/>
  <testcase classname="tests.CheckoutTests" name="finishButtonCompletesOrder" time="5.293"/>
  <testcase classname="tests.CheckoutTests" name="invalidZipCodeFormat" time="3.236"/>
  <testcase classname="tests.CheckoutTests" name="verifyBackToProductsButtonWorks" time="6.382"/>
  <testcase classname="tests.CheckoutTests" name="verifyCheckoutOverviewPage" time="5.239"/>
  <testcase classname="tests.CheckoutTests" name="verifySuccessMessageAfterOrder" time="2.322"/>
</testsuite> <!-- Sanity Tests -->
