<?xml version="1.0" encoding="UTF-8"?>
<!-- Generated by org.testng.reporters.JUnitXMLReporter -->
<testsuite ignored="0" hostname="Aditya" failures="0" tests="40" name="Regression Tests" time="674.548" errors="0" timestamp="2025-09-07T20:49:20 IST">
  <testcase classname="tests.LoginTests" name="blankFieldsLogin" time="12.248"/>
  <testcase classname="tests.LoginTests" name="errorMessageDisappearsAfterRetry" time="17.055"/>
  <testcase classname="tests.LoginTests" name="invalidLoginWrongPassword" time="6.511"/>
  <testcase classname="tests.LoginTests" name="invalidLoginWrongUsername" time="8.905"/>
  <testcase classname="tests.LoginTests" name="lockedOutUserLogin" time="6.362"/>
  <testcase classname="tests.LoginTests" name="performanceGlitchUserLogin" time="13.251"/>
  <testcase classname="tests.LoginTests" name="validLogin" time="7.894"/>
  <testcase classname="tests.LoginTests" name="verifyUrlAndTitleAfterLogin" time="7.263"/>
  <testcase classname="tests.InventoryTests" name="addMultipleProductsToCart" time="5.132"/>
  <testcase classname="tests.InventoryTests" name="addSingleProductToCart" time="3.1"/>
  <testcase classname="tests.InventoryTests" name="removeProductFromCart" time="5.118"/>
  <testcase classname="tests.InventoryTests" name="sortProductsByNameAZ" time="3.072"/>
  <testcase classname="tests.InventoryTests" name="sortProductsByNameZA" time="3.097"/>
  <testcase classname="tests.InventoryTests" name="sortProductsByPriceHighToLow" time="3.089"/>
  <testcase classname="tests.InventoryTests" name="sortProductsByPriceLowToHigh" time="3.071"/>
  <testcase classname="tests.InventoryTests" name="verifyProductsDisplayed" time="2.018"/>
  <testcase classname="tests.CartTests" name="checkoutButtonWorks" time="7.209"/>
  <testcase classname="tests.CartTests" name="continueShoppingButtonWorks" time="7.235"/>
  <testcase classname="tests.CartTests" name="verifyCartBadgeIncreases" time="5.083"/>
  <testcase classname="tests.CartTests" name="verifyCartIsEmptyAfterRemovingItems" time="17.185"/>
  <testcase classname="tests.CartTests" name="verifyNavigatingToCartPage" time="5.165"/>
  <testcase classname="tests.CartTests" name="verifyProductDetailsInCart" time="7.159"/>
  <testcase classname="tests.CheckoutTests" name="cancelCheckout" time="3.064"/>
  <testcase classname="tests.CheckoutTests" name="checkoutWithMissingFirstName" time="4.304"/>
  <testcase classname="tests.CheckoutTests" name="checkoutWithMissingLastName" time="4.223"/>
  <testcase classname="tests.CheckoutTests" name="checkoutWithMissingPostalCode" time="4.255"/>
  <testcase classname="tests.CheckoutTests" name="checkoutWithValidDetails" time="3.214"/>
  <testcase classname="tests.CheckoutTests" name="finishButtonCompletesOrder" time="5.29"/>
  <testcase classname="tests.CheckoutTests" name="invalidZipCodeFormat" time="3.241"/>
  <testcase classname="tests.CheckoutTests" name="verifyBackToProductsButtonWorks" time="6.34"/>
  <testcase classname="tests.CheckoutTests" name="verifyCheckoutOverviewPage" time="5.289"/>
  <testcase classname="tests.CheckoutTests" name="verifySuccessMessageAfterOrder" time="2.271"/>
  <testcase classname="tests.MenuTests" name="verifyAboutLink" time="11.529"/>
  <testcase classname="tests.MenuTests" name="verifyAllMenuOptionsVisible" time="4.103"/>
  <testcase classname="tests.MenuTests" name="verifyResetAppState" time="16.213"/>
  <testcase classname="tests.MenuTests" name="verifyUserCanLogout" time="5.122"/>
  <testcase classname="tests.UITests" name="verifyBackButtonAfterLogout" time="11.45"/>
  <testcase classname="tests.UITests" name="verifyFooterLinks" time="5.293"/>
  <testcase classname="tests.UITests" name="verifyLoginPageUIElements" time="4.071"/>
  <testcase classname="tests.UITests" name="verifyPageTitleAndLogoConsistency" time="8.335"/>
</testsuite> <!-- Regression Tests -->
