<?xml version="1.0" encoding="UTF-8"?>
<testng-results ignored="0" total="16" passed="16" failed="0" skipped="0">
  <reporter-output>
  </reporter-output>
  <suite started-at="2025-09-07T20:57:12 IST" name="Sanity Suite" finished-at="2025-09-07T21:02:48 IST" duration-ms="336114">
    <groups>
    </groups>
    <test started-at="2025-09-07T20:57:12 IST" name="Sanity Tests" finished-at="2025-09-07T21:02:48 IST" duration-ms="336114">
      <class name="tests.CheckoutTests">
        <test-method is-config="true" signature="setUp()[pri:0, instance:tests.CheckoutTests@5aa9e4eb]" started-at="2025-09-07T20:59:09 IST" name="setUp" finished-at="2025-09-07T20:59:27 IST" duration-ms="18461" status="PASS">
          <reporter-output>
          </reporter-output>
        </test-method> <!-- setUp -->
        <test-method signature="cancelCheckout()[pri:0, instance:tests.CheckoutTests@5aa9e4eb]" started-at="2025-09-07T20:59:27 IST" name="cancelCheckout" finished-at="2025-09-07T20:59:30 IST" duration-ms="3071" status="PASS">
          <reporter-output>
          </reporter-output>
        </test-method> <!-- cancelCheckout -->
        <test-method is-config="true" signature="tearDown()[pri:0, instance:tests.CheckoutTests@5aa9e4eb]" started-at="2025-09-07T20:59:30 IST" name="tearDown" finished-at="2025-09-07T20:59:30 IST" duration-ms="160" status="PASS">
          <reporter-output>
          </reporter-output>
        </test-method> <!-- tearDown -->
        <test-method is-config="true" signature="setUp()[pri:0, instance:tests.CheckoutTests@5aa9e4eb]" started-at="2025-09-07T20:59:30 IST" name="setUp" finished-at="2025-09-07T20:59:50 IST" duration-ms="19733" status="PASS">
          <reporter-output>
          </reporter-output>
        </test-method> <!-- setUp -->
        <test-method signature="checkoutWithMissingFirstName()[pri:0, instance:tests.CheckoutTests@5aa9e4eb]" started-at="2025-09-07T20:59:50 IST" name="checkoutWithMissingFirstName" finished-at="2025-09-07T20:59:54 IST" duration-ms="4243" status="PASS">
          <reporter-output>
          </reporter-output>
        </test-method> <!-- checkoutWithMissingFirstName -->
        <test-method is-config="true" signature="tearDown()[pri:0, instance:tests.CheckoutTests@5aa9e4eb]" started-at="2025-09-07T20:59:54 IST" name="tearDown" finished-at="2025-09-07T20:59:54 IST" duration-ms="180" status="PASS">
          <reporter-output>
          </reporter-output>
        </test-method> <!-- tearDown -->
        <test-method is-config="true" signature="setUp()[pri:0, instance:tests.CheckoutTests@5aa9e4eb]" started-at="2025-09-07T20:59:54 IST" name="setUp" finished-at="2025-09-07T21:00:14 IST" duration-ms="19568" status="PASS">
          <reporter-output>
          </reporter-output>
        </test-method> <!-- setUp -->
        <test-method signature="checkoutWithMissingLastName()[pri:0, instance:tests.CheckoutTests@5aa9e4eb]" started-at="2025-09-07T21:00:14 IST" name="checkoutWithMissingLastName" finished-at="2025-09-07T21:00:18 IST" duration-ms="4290" status="PASS">
          <reporter-output>
          </reporter-output>
        </test-method> <!-- checkoutWithMissingLastName -->
        <test-method is-config="true" signature="tearDown()[pri:0, instance:tests.CheckoutTests@5aa9e4eb]" started-at="2025-09-07T21:00:18 IST" name="tearDown" finished-at="2025-09-07T21:00:18 IST" duration-ms="167" status="PASS">
          <reporter-output>
          </reporter-output>
        </test-method> <!-- tearDown -->
        <test-method is-config="true" signature="setUp()[pri:0, instance:tests.CheckoutTests@5aa9e4eb]" started-at="2025-09-07T21:00:18 IST" name="setUp" finished-at="2025-09-07T21:00:33 IST" duration-ms="14771" status="PASS">
          <reporter-output>
          </reporter-output>
        </test-method> <!-- setUp -->
        <test-method signature="checkoutWithMissingPostalCode()[pri:0, instance:tests.CheckoutTests@5aa9e4eb]" started-at="2025-09-07T21:00:33 IST" name="checkoutWithMissingPostalCode" finished-at="2025-09-07T21:00:37 IST" duration-ms="4239" status="PASS">
          <reporter-output>
          </reporter-output>
        </test-method> <!-- checkoutWithMissingPostalCode -->
        <test-method is-config="true" signature="tearDown()[pri:0, instance:tests.CheckoutTests@5aa9e4eb]" started-at="2025-09-07T21:00:37 IST" name="tearDown" finished-at="2025-09-07T21:00:38 IST" duration-ms="187" status="PASS">
          <reporter-output>
          </reporter-output>
        </test-method> <!-- tearDown -->
        <test-method is-config="true" signature="setUp()[pri:0, instance:tests.CheckoutTests@5aa9e4eb]" started-at="2025-09-07T21:00:38 IST" name="setUp" finished-at="2025-09-07T21:00:54 IST" duration-ms="16191" status="PASS">
          <reporter-output>
          </reporter-output>
        </test-method> <!-- setUp -->
        <test-method signature="checkoutWithValidDetails()[pri:0, instance:tests.CheckoutTests@5aa9e4eb]" started-at="2025-09-07T21:00:54 IST" name="checkoutWithValidDetails" finished-at="2025-09-07T21:00:57 IST" duration-ms="3204" status="PASS">
          <reporter-output>
          </reporter-output>
        </test-method> <!-- checkoutWithValidDetails -->
        <test-method is-config="true" signature="tearDown()[pri:0, instance:tests.CheckoutTests@5aa9e4eb]" started-at="2025-09-07T21:00:57 IST" name="tearDown" finished-at="2025-09-07T21:00:57 IST" duration-ms="179" status="PASS">
          <reporter-output>
          </reporter-output>
        </test-method> <!-- tearDown -->
        <test-method is-config="true" signature="setUp()[pri:0, instance:tests.CheckoutTests@5aa9e4eb]" started-at="2025-09-07T21:00:57 IST" name="setUp" finished-at="2025-09-07T21:01:16 IST" duration-ms="18647" status="PASS">
          <reporter-output>
          </reporter-output>
        </test-method> <!-- setUp -->
        <test-method signature="finishButtonCompletesOrder()[pri:0, instance:tests.CheckoutTests@5aa9e4eb]" started-at="2025-09-07T21:01:16 IST" name="finishButtonCompletesOrder" finished-at="2025-09-07T21:01:21 IST" duration-ms="5293" status="PASS">
          <reporter-output>
          </reporter-output>
        </test-method> <!-- finishButtonCompletesOrder -->
        <test-method is-config="true" signature="tearDown()[pri:0, instance:tests.CheckoutTests@5aa9e4eb]" started-at="2025-09-07T21:01:21 IST" name="tearDown" finished-at="2025-09-07T21:01:21 IST" duration-ms="192" status="PASS">
          <reporter-output>
          </reporter-output>
        </test-method> <!-- tearDown -->
        <test-method is-config="true" signature="setUp()[pri:0, instance:tests.CheckoutTests@5aa9e4eb]" started-at="2025-09-07T21:01:21 IST" name="setUp" finished-at="2025-09-07T21:01:36 IST" duration-ms="14582" status="PASS">
          <reporter-output>
          </reporter-output>
        </test-method> <!-- setUp -->
        <test-method signature="invalidZipCodeFormat()[pri:0, instance:tests.CheckoutTests@5aa9e4eb]" started-at="2025-09-07T21:01:36 IST" name="invalidZipCodeFormat" finished-at="2025-09-07T21:01:39 IST" duration-ms="3236" status="PASS">
          <reporter-output>
          </reporter-output>
        </test-method> <!-- invalidZipCodeFormat -->
        <test-method is-config="true" signature="tearDown()[pri:0, instance:tests.CheckoutTests@5aa9e4eb]" started-at="2025-09-07T21:01:39 IST" name="tearDown" finished-at="2025-09-07T21:01:39 IST" duration-ms="196" status="PASS">
          <reporter-output>
          </reporter-output>
        </test-method> <!-- tearDown -->
        <test-method is-config="true" signature="setUp()[pri:0, instance:tests.CheckoutTests@5aa9e4eb]" started-at="2025-09-07T21:01:39 IST" name="setUp" finished-at="2025-09-07T21:01:57 IST" duration-ms="17216" status="PASS">
          <reporter-output>
          </reporter-output>
        </test-method> <!-- setUp -->
        <test-method signature="verifyBackToProductsButtonWorks()[pri:0, instance:tests.CheckoutTests@5aa9e4eb]" started-at="2025-09-07T21:01:57 IST" name="verifyBackToProductsButtonWorks" finished-at="2025-09-07T21:02:03 IST" duration-ms="6382" status="PASS">
          <reporter-output>
          </reporter-output>
        </test-method> <!-- verifyBackToProductsButtonWorks -->
        <test-method is-config="true" signature="tearDown()[pri:0, instance:tests.CheckoutTests@5aa9e4eb]" started-at="2025-09-07T21:02:03 IST" name="tearDown" finished-at="2025-09-07T21:02:03 IST" duration-ms="178" status="PASS">
          <reporter-output>
          </reporter-output>
        </test-method> <!-- tearDown -->
        <test-method is-config="true" signature="setUp()[pri:0, instance:tests.CheckoutTests@5aa9e4eb]" started-at="2025-09-07T21:02:03 IST" name="setUp" finished-at="2025-09-07T21:02:21 IST" duration-ms="17851" status="PASS">
          <reporter-output>
          </reporter-output>
        </test-method> <!-- setUp -->
        <test-method signature="verifyCheckoutOverviewPage()[pri:0, instance:tests.CheckoutTests@5aa9e4eb]" started-at="2025-09-07T21:02:21 IST" name="verifyCheckoutOverviewPage" finished-at="2025-09-07T21:02:26 IST" duration-ms="5239" status="PASS">
          <reporter-output>
          </reporter-output>
        </test-method> <!-- verifyCheckoutOverviewPage -->
        <test-method is-config="true" signature="tearDown()[pri:0, instance:tests.CheckoutTests@5aa9e4eb]" started-at="2025-09-07T21:02:26 IST" name="tearDown" finished-at="2025-09-07T21:02:26 IST" duration-ms="168" status="PASS">
          <reporter-output>
          </reporter-output>
        </test-method> <!-- tearDown -->
        <test-method is-config="true" signature="setUp()[pri:0, instance:tests.CheckoutTests@5aa9e4eb]" started-at="2025-09-07T21:02:26 IST" name="setUp" finished-at="2025-09-07T21:02:46 IST" duration-ms="19351" status="PASS">
          <reporter-output>
          </reporter-output>
        </test-method> <!-- setUp -->
        <test-method signature="verifySuccessMessageAfterOrder()[pri:0, instance:tests.CheckoutTests@5aa9e4eb]" started-at="2025-09-07T21:02:46 IST" name="verifySuccessMessageAfterOrder" finished-at="2025-09-07T21:02:48 IST" duration-ms="2322" status="PASS">
          <reporter-output>
          </reporter-output>
        </test-method> <!-- verifySuccessMessageAfterOrder -->
        <test-method is-config="true" signature="tearDown()[pri:0, instance:tests.CheckoutTests@5aa9e4eb]" started-at="2025-09-07T21:02:48 IST" name="tearDown" finished-at="2025-09-07T21:02:48 IST" duration-ms="170" status="PASS">
          <reporter-output>
          </reporter-output>
        </test-method> <!-- tearDown -->
      </class> <!-- tests.CheckoutTests -->
      <class name="tests.CartTests">
        <test-method is-config="true" signature="setUp()[pri:0, instance:tests.CartTests@3e694b3f]" started-at="2025-09-07T20:57:12 IST" name="setUp" finished-at="2025-09-07T20:57:24 IST" duration-ms="11656" status="PASS">
          <reporter-output>
          </reporter-output>
        </test-method> <!-- setUp -->
        <test-method signature="checkoutButtonWorks()[pri:0, instance:tests.CartTests@3e694b3f]" started-at="2025-09-07T20:57:24 IST" name="checkoutButtonWorks" finished-at="2025-09-07T20:57:31 IST" duration-ms="7244" status="PASS">
          <reporter-output>
          </reporter-output>
        </test-method> <!-- checkoutButtonWorks -->
        <test-method is-config="true" signature="tearDown()[pri:0, instance:tests.CartTests@3e694b3f]" started-at="2025-09-07T20:57:31 IST" name="tearDown" finished-at="2025-09-07T20:57:31 IST" duration-ms="178" status="PASS">
          <reporter-output>
          </reporter-output>
        </test-method> <!-- tearDown -->
        <test-method is-config="true" signature="setUp()[pri:0, instance:tests.CartTests@3e694b3f]" started-at="2025-09-07T20:57:31 IST" name="setUp" finished-at="2025-09-07T20:57:42 IST" duration-ms="10794" status="PASS">
          <reporter-output>
          </reporter-output>
        </test-method> <!-- setUp -->
        <test-method signature="continueShoppingButtonWorks()[pri:0, instance:tests.CartTests@3e694b3f]" started-at="2025-09-07T20:57:42 IST" name="continueShoppingButtonWorks" finished-at="2025-09-07T20:57:49 IST" duration-ms="7241" status="PASS">
          <reporter-output>
          </reporter-output>
        </test-method> <!-- continueShoppingButtonWorks -->
        <test-method is-config="true" signature="tearDown()[pri:0, instance:tests.CartTests@3e694b3f]" started-at="2025-09-07T20:57:49 IST" name="tearDown" finished-at="2025-09-07T20:57:49 IST" duration-ms="171" status="PASS">
          <reporter-output>
          </reporter-output>
        </test-method> <!-- tearDown -->
        <test-method is-config="true" signature="setUp()[pri:0, instance:tests.CartTests@3e694b3f]" started-at="2025-09-07T20:57:49 IST" name="setUp" finished-at="2025-09-07T20:58:01 IST" duration-ms="11176" status="PASS">
          <reporter-output>
          </reporter-output>
        </test-method> <!-- setUp -->
        <test-method signature="verifyCartBadgeIncreases()[pri:0, instance:tests.CartTests@3e694b3f]" started-at="2025-09-07T20:58:01 IST" name="verifyCartBadgeIncreases" finished-at="2025-09-07T20:58:06 IST" duration-ms="5090" status="PASS">
          <reporter-output>
          </reporter-output>
        </test-method> <!-- verifyCartBadgeIncreases -->
        <test-method is-config="true" signature="tearDown()[pri:0, instance:tests.CartTests@3e694b3f]" started-at="2025-09-07T20:58:06 IST" name="tearDown" finished-at="2025-09-07T20:58:06 IST" duration-ms="204" status="PASS">
          <reporter-output>
          </reporter-output>
        </test-method> <!-- tearDown -->
        <test-method is-config="true" signature="setUp()[pri:0, instance:tests.CartTests@3e694b3f]" started-at="2025-09-07T20:58:06 IST" name="setUp" finished-at="2025-09-07T20:58:15 IST" duration-ms="8598" status="PASS">
          <reporter-output>
          </reporter-output>
        </test-method> <!-- setUp -->
        <test-method signature="verifyCartIsEmptyAfterRemovingItems()[pri:0, instance:tests.CartTests@3e694b3f]" started-at="2025-09-07T20:58:15 IST" name="verifyCartIsEmptyAfterRemovingItems" finished-at="2025-09-07T20:58:32 IST" duration-ms="17165" status="PASS">
          <reporter-output>
          </reporter-output>
        </test-method> <!-- verifyCartIsEmptyAfterRemovingItems -->
        <test-method is-config="true" signature="tearDown()[pri:0, instance:tests.CartTests@3e694b3f]" started-at="2025-09-07T20:58:32 IST" name="tearDown" finished-at="2025-09-07T20:58:32 IST" duration-ms="213" status="PASS">
          <reporter-output>
          </reporter-output>
        </test-method> <!-- tearDown -->
        <test-method is-config="true" signature="setUp()[pri:0, instance:tests.CartTests@3e694b3f]" started-at="2025-09-07T20:58:32 IST" name="setUp" finished-at="2025-09-07T20:58:40 IST" duration-ms="8300" status="PASS">
          <reporter-output>
          </reporter-output>
        </test-method> <!-- setUp -->
        <test-method signature="verifyNavigatingToCartPage()[pri:0, instance:tests.CartTests@3e694b3f]" started-at="2025-09-07T20:58:40 IST" name="verifyNavigatingToCartPage" finished-at="2025-09-07T20:58:45 IST" duration-ms="5140" status="PASS">
          <reporter-output>
          </reporter-output>
        </test-method> <!-- verifyNavigatingToCartPage -->
        <test-method is-config="true" signature="tearDown()[pri:0, instance:tests.CartTests@3e694b3f]" started-at="2025-09-07T20:58:45 IST" name="tearDown" finished-at="2025-09-07T20:58:46 IST" duration-ms="178" status="PASS">
          <reporter-output>
          </reporter-output>
        </test-method> <!-- tearDown -->
        <test-method is-config="true" signature="setUp()[pri:0, instance:tests.CartTests@3e694b3f]" started-at="2025-09-07T20:58:46 IST" name="setUp" finished-at="2025-09-07T20:59:01 IST" duration-ms="15663" status="PASS">
          <reporter-output>
          </reporter-output>
        </test-method> <!-- setUp -->
        <test-method signature="verifyProductDetailsInCart()[pri:0, instance:tests.CartTests@3e694b3f]" started-at="2025-09-07T20:59:01 IST" name="verifyProductDetailsInCart" finished-at="2025-09-07T20:59:08 IST" duration-ms="7188" status="PASS">
          <reporter-output>
          </reporter-output>
        </test-method> <!-- verifyProductDetailsInCart -->
        <test-method is-config="true" signature="tearDown()[pri:0, instance:tests.CartTests@3e694b3f]" started-at="2025-09-07T20:59:08 IST" name="tearDown" finished-at="2025-09-07T20:59:09 IST" duration-ms="171" status="PASS">
          <reporter-output>
          </reporter-output>
        </test-method> <!-- tearDown -->
      </class> <!-- tests.CartTests -->
    </test> <!-- Sanity Tests -->
  </suite> <!-- Sanity Suite -->
</testng-results>
